2021-06-17 22:19:38,039 - main.py:101	 Error: Khong the gui mail toi  >> dungvhhhhhh@tvsc.vn. Chi tiet: {'dungvhhhhhh@tvsc.vn': (550, b'5.1.1 <dungvhhhhhh@tvsc.vn>: Recipient address rejected: User unknown in virtual mailbox table')} | 1
2021-06-17 22:19:48,075 - main.py:101	 Error: Khong the gui mail toi  >> dungsdsaavh@tvsc.vn. Chi tiet: {'dungsdsaavh@tvsc.vn': (550, b'5.1.1 <dungsdsaavh@tvsc.vn>: Recipient address rejected: User unknown in virtual mailbox table')} | 2
2021-06-17 22:19:58,109 - main.py:101	 Error: Khong the gui mail toi  >> dungvhhhhhh@tvsc.vn. Chi tiet: {'dungvhhhhhh@tvsc.vn': (550, b'5.1.1 <dungvhhhhhh@tvsc.vn>: Recipient address rejected: User unknown in virtual mailbox table')} | 3
2021-06-17 22:20:08,139 - main.py:101	 Error: Khong the gui mail toi  >> dungsdsaavh@tvsc.vn. Chi tiet: {'dungsdsaavh@tvsc.vn': (550, b'5.1.1 <dungsdsaavh@tvsc.vn>: Recipient address rejected: User unknown in virtual mailbox table')} | 4
2021-06-17 22:20:18,171 - main.py:101	 Error: Khong the gui mail toi  >> dungvhhhhhh@tvsc.vn. Chi tiet: {'dungvhhhhhh@tvsc.vn': (550, b'5.1.1 <dungvhhhhhh@tvsc.vn>: Recipient address rejected: User unknown in virtual mailbox table')} | 5
2021-06-17 22:20:28,202 - main.py:101	 Error: Khong the gui mail toi  >> dungsdsaavh@tvsc.vn. Chi tiet: {'dungsdsaavh@tvsc.vn': (550, b'5.1.1 <dungsdsaavh@tvsc.vn>: Recipient address rejected: User unknown in virtual mailbox table')} | 6
2021-06-17 22:20:38,235 - main.py:101	 Error: Khong the gui mail toi  >> dungvhhhhhh@tvsc.vn. Chi tiet: {'dungvhhhhhh@tvsc.vn': (550, b'5.1.1 <dungvhhhhhh@tvsc.vn>: Recipient address rejected: User unknown in virtual mailbox table')} | 7
2021-06-17 22:20:48,268 - main.py:101	 Error: Khong the gui mail toi  >> dungsdsaavh@tvsc.vn. Chi tiet: {'dungsdsaavh@tvsc.vn': (550, b'5.1.1 <dungsdsaavh@tvsc.vn>: Recipient address rejected: User unknown in virtual mailbox table')} | 8
2021-06-17 22:20:58,301 - main.py:101	 Error: Khong the gui mail toi  >> dungvhhhhhh@tvsc.vn. Chi tiet: {'dungvhhhhhh@tvsc.vn': (550, b'5.1.1 <dungvhhhhhh@tvsc.vn>: Recipient address rejected: User unknown in virtual mailbox table')} | 9
2021-06-17 22:21:09,343 - main.py:101	 Error: Khong the gui mail toi  >> dungsdsaavh@tvsc.vn. Chi tiet: {'dungsdsaavh@tvsc.vn': (550, b'5.1.1 <dungsdsaavh@tvsc.vn>: Recipient address rejected: User unknown in virtual mailbox table')} | 10
2021-06-17 22:21:22,376 - main.py:101	 Error: Khong the gui mail toi  >> dungvhhhhhh@tvsc.vn. Chi tiet: {'dungvhhhhhh@tvsc.vn': (550, b'5.1.1 <dungvhhhhhh@tvsc.vn>: Recipient address rejected: User unknown in virtual mailbox table')} | 11
2021-06-17 22:21:35,411 - main.py:101	 Error: Khong the gui mail toi  >> dungsdsaavh@tvsc.vn. Chi tiet: {'dungsdsaavh@tvsc.vn': (550, b'5.1.1 <dungsdsaavh@tvsc.vn>: Recipient address rejected: User unknown in virtual mailbox table')} | 12
2021-06-17 22:21:48,445 - main.py:101	 Error: Khong the gui mail toi  >> dungvhhhhhh@tvsc.vn. Chi tiet: {'dungvhhhhhh@tvsc.vn': (550, b'5.1.1 <dungvhhhhhh@tvsc.vn>: Recipient address rejected: User unknown in virtual mailbox table')} | 13
2021-06-17 22:22:01,477 - main.py:101	 Error: Khong the gui mail toi  >> dungsdsaavh@tvsc.vn. Chi tiet: {'dungsdsaavh@tvsc.vn': (550, b'5.1.1 <dungsdsaavh@tvsc.vn>: Recipient address rejected: User unknown in virtual mailbox table')} | 14
2021-06-17 22:22:14,511 - main.py:101	 Error: Khong the gui mail toi  >> dungvhhhhhh@tvsc.vn. Chi tiet: {'dungvhhhhhh@tvsc.vn': (550, b'5.1.1 <dungvhhhhhh@tvsc.vn>: Recipient address rejected: User unknown in virtual mailbox table')} | 15
2021-06-17 22:22:27,544 - main.py:101	 Error: Khong the gui mail toi  >> dungsdsaavh@tvsc.vn. Chi tiet: {'dungsdsaavh@tvsc.vn': (550, b'5.1.1 <dungsdsaavh@tvsc.vn>: Recipient address rejected: User unknown in virtual mailbox table')} | 16
2021-06-17 22:22:40,579 - main.py:101	 Error: Khong the gui mail toi  >> dungvhhhhhh@tvsc.vn. Chi tiet: {'dungvhhhhhh@tvsc.vn': (550, b'5.1.1 <dungvhhhhhh@tvsc.vn>: Recipient address rejected: User unknown in virtual mailbox table')} | 17
2021-06-17 22:22:53,612 - main.py:101	 Error: Khong the gui mail toi  >> dungsdsaavh@tvsc.vn. Chi tiet: {'dungsdsaavh@tvsc.vn': (550, b'5.1.1 <dungsdsaavh@tvsc.vn>: Recipient address rejected: User unknown in virtual mailbox table')} | 18
2021-06-17 22:23:06,647 - main.py:101	 Error: Khong the gui mail toi  >> dungvhhhhhh@tvsc.vn. Chi tiet: {'dungvhhhhhh@tvsc.vn': (550, b'5.1.1 <dungvhhhhhh@tvsc.vn>: Recipient address rejected: User unknown in virtual mailbox table')} | 19
2021-06-17 22:23:19,678 - main.py:101	 Error: Khong the gui mail toi  >> dungsdsaavh@tvsc.vn. Chi tiet: {'dungsdsaavh@tvsc.vn': (550, b'5.1.1 <dungsdsaavh@tvsc.vn>: Recipient address rejected: User unknown in virtual mailbox table')} | 20
2021-06-17 22:23:29,687 - main.py:101	 Error: Khong the gui mail toi  >> dungvhhhhhh@tvsc.vn. Chi tiet: Server not connected | 21
2021-06-17 22:23:39,695 - main.py:101	 Error: Khong the gui mail toi  >> dungsdsaavh@tvsc.vn. Chi tiet: please run connect() first | 22
2021-06-17 22:23:49,705 - main.py:101	 Error: Khong the gui mail toi  >> dungvhhhhhh@tvsc.vn. Chi tiet: please run connect() first | 23
2021-06-17 22:23:59,713 - main.py:101	 Error: Khong the gui mail toi  >> dungsdsaavh@tvsc.vn. Chi tiet: please run connect() first | 24
2021-06-17 22:24:09,907 - main.py:120	 please run connect() first
